<?xml version="1.0" encoding="UTF-8"?>
<!-- Generated by org.testng.reporters.JUnitReportReporter -->
<testsuite hostname="LAPTOP-C67KOGUS" failures="0" tests="8" name="com.qa.testscripts.TC_Photo_page" time="13.852" errors="0" timestamp="2024-03-05T21:38:14 IST" skipped="0">
  <testcase classname="com.qa.testscripts.TC_Photo_page" name="hover" time="5.413"/>
  <system-out/>
  <testcase classname="com.qa.testscripts.TC_Photo_page" name="verifyHomePageTitle" time="0.192"/>
  <system-out/>
  <testcase classname="com.qa.testscripts.TC_Photo_page" name="clickGetWordPress" time="2.233"/>
  <system-out/>
  <testcase classname="com.qa.testscripts.TC_Photo_page" name="Text_mid" time="0.183"/>
  <system-out/>
  <testcase classname="com.qa.testscripts.TC_Photo_page" name="clickCommunity" time="0.226"/>
  <system-out/>
  <testcase classname="com.qa.testscripts.TC_Photo_page" name="click_photo_directory" time="3.987"/>
  <system-out/>
  <testcase classname="com.qa.testscripts.TC_Photo_page" name="enterInsearch" time="1.388"/>
  <system-out/>
  <testcase classname="com.qa.testscripts.TC_Photo_page" name="verifyImage" time="0.230"/>
  <system-out/>
</testsuite> <!-- com.qa.testscripts.TC_Photo_page -->
