<?xml version="1.0" encoding="UTF-8"?>
<!-- Generated by org.testng.reporters.JUnitReportReporter -->
<testsuite hostname="HDLCAMPUS5400" failures="0" tests="3" name="com.qa.testscripts.TC_Download_Page" time="5.285" errors="0" timestamp="2024-03-01T14:31:43 IST" skipped="0">
  <testcase classname="com.qa.testscripts.TC_Download_Page" name="Text_mid" time="0.048"/>
  <system-out/>
  <testcase classname="com.qa.testscripts.TC_Download_Page" name="clickCommunity" time="0.110"/>
  <system-out/>
  <testcase classname="com.qa.testscripts.TC_Download_Page" name="click_photo_directory" time="5.127"/>
  <system-out/>
</testsuite> <!-- com.qa.testscripts.TC_Download_Page -->
