<?xml version="1.0" encoding="UTF-8"?>
<!-- Generated by org.testng.reporters.JUnitReportReporter -->
<testsuite hostname="HDLCAMPUS5400" failures="0" tests="3" name="com.qa.testscripts.TC_Home_Page" time="10.322" errors="0" timestamp="2024-03-01T14:31:43 IST" skipped="0">
  <testcase classname="com.qa.testscripts.TC_Home_Page" name="hover" time="5.245"/>
  <system-out/>
  <testcase classname="com.qa.testscripts.TC_Home_Page" name="verifyHomePageTitle" time="0.283"/>
  <system-out/>
  <testcase classname="com.qa.testscripts.TC_Home_Page" name="clickGetWordPress" time="4.794"/>
  <system-out/>
</testsuite> <!-- com.qa.testscripts.TC_Home_Page -->
